{"level":"error","message":"Wed Jan 18 2023 12:23:56 GMT+0500 (Pakistan Standard Time)-{\"name\":\"Data Not found\",\"statusCode\":{},\"isOperational\":true}","private":true}
{"level":"error","message":"Wed Jan 18 2023 12:25:20 GMT+0500 (Pakistan Standard Time)-{}","private":true}
{"level":"error","message":"Wed Jan 18 2023 12:25:30 GMT+0500 (Pakistan Standard Time)-{}","private":true}
{"level":"error","message":"Wed Jan 18 2023 12:26:12 GMT+0500 (Pakistan Standard Time)-{\"name\":\"Data Not found\",\"statusCode\":{},\"isOperational\":true}","private":true}
{"level":"error","message":"Wed Jan 18 2023 12:36:26 GMT+0500 (Pakistan Standard Time)-{}","private":true}
{"level":"error","message":"Wed Jan 18 2023 12:44:23 GMT+0500 (Pakistan Standard Time)-{\"name\":\"Data Not found\",\"statusCode\":{},\"isOperational\":true}","private":true}
{"level":"error","message":"Wed Jan 18 2023 12:44:51 GMT+0500 (Pakistan Standard Time)-{}","private":true}
{"level":"error","message":"Wed Jan 18 2023 12:45:12 GMT+0500 (Pakistan Standard Time)-{}","private":true}
{"level":"error","message":"Wed Jan 18 2023 12:46:38 GMT+0500 (Pakistan Standard Time)-{}","private":true}
{"level":"error","message":"Wed Jan 18 2023 12:46:58 GMT+0500 (Pakistan Standard Time)-{\"name\":\"Data Not found\",\"statusCode\":{},\"isOperational\":true}","private":true}
{"level":"error","message":"Wed Jan 18 2023 12:54:41 GMT+0500 (Pakistan Standard Time)-{}","private":true}
{"level":"error","message":"Wed Jan 18 2023 14:34:37 GMT+0500 (Pakistan Standard Time)-{\"name\":\"Data Not found\",\"statusCode\":{\"name\":\"MongoError\"},\"isOperational\":true}","private":true}
{"level":"error","message":"Wed Jan 18 2023 14:35:41 GMT+0500 (Pakistan Standard Time)-{\"name\":\"Data Not found\",\"statusCode\":{},\"isOperational\":true}","private":true}
{"level":"error","message":"Wed Jan 18 2023 14:36:09 GMT+0500 (Pakistan Standard Time)-{\"name\":\"Data Not found\",\"statusCode\":{},\"isOperational\":true}","private":true}
{"level":"error","message":"Wed Jan 18 2023 14:36:33 GMT+0500 (Pakistan Standard Time)-{\"name\":\"Data Not found\",\"statusCode\":{\"name\":\"API Error\",\"statusCode\":500,\"isOperational\":true},\"isOperational\":true}","private":true}
{"level":"error","message":"Wed Jan 18 2023 14:37:19 GMT+0500 (Pakistan Standard Time)-{\"name\":\"Data Not found\",\"statusCode\":{\"name\":\"API Error\",\"statusCode\":500,\"isOperational\":true},\"isOperational\":true}","private":true}
{"level":"error","message":"Wed Jan 18 2023 14:38:16 GMT+0500 (Pakistan Standard Time)-{\"name\":\"Data Not found\",\"statusCode\":{},\"isOperational\":true}","private":true}
{"level":"error","message":"Wed Jan 18 2023 14:38:44 GMT+0500 (Pakistan Standard Time)-{\"name\":\"Data Not found\",\"statusCode\":{},\"isOperational\":true}","private":true}
{"level":"error","message":"Wed Jan 18 2023 14:39:52 GMT+0500 (Pakistan Standard Time)-{}","private":true}
{"level":"error","message":"Wed Jan 18 2023 14:40:56 GMT+0500 (Pakistan Standard Time)-{}","private":true}
{"level":"error","message":"Wed Jan 18 2023 14:41:36 GMT+0500 (Pakistan Standard Time)-{\"name\":\"Data Not found\",\"statusCode\":{},\"isOperational\":true}","private":true}
{"level":"error","message":"Wed Jan 18 2023 14:42:27 GMT+0500 (Pakistan Standard Time)-{\"name\":\"Data Not found\",\"statusCode\":{},\"isOperational\":true}","private":true}
{"level":"error","message":"Wed Jan 18 2023 14:42:47 GMT+0500 (Pakistan Standard Time)-{\"name\":\"Data Not found\",\"statusCode\":{},\"isOperational\":true}","private":true}
{"level":"error","message":"Wed Jan 18 2023 14:43:43 GMT+0500 (Pakistan Standard Time)-{\"name\":\"Data Not found\",\"statusCode\":{},\"isOperational\":true}","private":true}
{"level":"error","message":"Wed Jan 18 2023 14:44:18 GMT+0500 (Pakistan Standard Time)-{\"name\":\"Data Not found\",\"statusCode\":{},\"isOperational\":true}","private":true}
{"level":"error","message":"Wed Jan 18 2023 14:45:00 GMT+0500 (Pakistan Standard Time)-{}","private":true}
{"level":"error","message":"Wed Jan 18 2023 14:46:35 GMT+0500 (Pakistan Standard Time)-{}","private":true}
{"level":"error","message":"Wed Jan 18 2023 14:47:01 GMT+0500 (Pakistan Standard Time)-{}","private":true}
{"level":"error","message":"Wed Jan 18 2023 14:48:35 GMT+0500 (Pakistan Standard Time)-{}","private":true}
{"level":"error","message":"Wed Jan 18 2023 14:53:29 GMT+0500 (Pakistan Standard Time)-{}","private":true}
{"level":"error","message":"Wed Jan 18 2023 14:55:46 GMT+0500 (Pakistan Standard Time)-{}","private":true}
{"level":"error","message":"Wed Jan 18 2023 14:56:36 GMT+0500 (Pakistan Standard Time)-{}","private":true}
{"level":"error","message":"Wed Jan 18 2023 14:58:12 GMT+0500 (Pakistan Standard Time)-{}","private":true}
{"level":"error","message":"Wed Jan 18 2023 14:59:12 GMT+0500 (Pakistan Standard Time)-{}","private":true}
{"level":"error","message":"Wed Jan 18 2023 14:59:53 GMT+0500 (Pakistan Standard Time)-{}","private":true}
{"level":"error","message":"Wed Jan 18 2023 15:00:07 GMT+0500 (Pakistan Standard Time)-{}","private":true}
{"level":"error","message":"Wed Jan 18 2023 15:00:38 GMT+0500 (Pakistan Standard Time)-{}","private":true}
{"level":"error","message":"Wed Jan 18 2023 15:01:27 GMT+0500 (Pakistan Standard Time)-{}","private":true}
{"level":"error","message":"Wed Jan 18 2023 15:02:12 GMT+0500 (Pakistan Standard Time)-{}","private":true}
{"level":"error","message":"Wed Jan 18 2023 15:03:41 GMT+0500 (Pakistan Standard Time)-{}","private":true}
{"level":"error","message":"Wed Jan 18 2023 15:04:18 GMT+0500 (Pakistan Standard Time)-{}","private":true}
{"level":"error","message":"Wed Jan 18 2023 15:06:32 GMT+0500 (Pakistan Standard Time)-{\"name\":\"API Error\",\"statusCode\":500,\"isOperational\":true}","private":true}
{"level":"error","message":"Wed Jan 18 2023 15:07:46 GMT+0500 (Pakistan Standard Time)-{\"name\":\"API Error\",\"statusCode\":500,\"isOperational\":true}","private":true}
{"level":"error","message":"Wed Jan 18 2023 15:08:17 GMT+0500 (Pakistan Standard Time)-{\"originalError\":{\"ok\":0,\"code\":20,\"codeName\":\"IllegalOperation\",\"name\":\"MongoError\"},\"name\":\"MongoError\"}","private":true}
{"level":"error","message":"Wed Jan 18 2023 15:09:51 GMT+0500 (Pakistan Standard Time)-{}","private":true}
{"level":"error","message":"Wed Jan 18 2023 15:14:17 GMT+0500 (Pakistan Standard Time)-{}","private":true}
